Using pre-set license
Built from '2020.2/release' branch; Version is '2020.2.4f1 (becced5a802b) revision 12504301'; Using compiler version '192528614'; Build Type 'Release'
OS: 'Windows 10 Pro; OS build 19042.804; Version 2009; 64bit' Language: 'de' Physical Memory: 32718 MB
BatchMode: 1, IsHumanControllingUs: 0, StartBugReporterOnCrash: 0, Is64bit: 1, IsPro: 0

 COMMAND LINE ARGUMENTS:
C:\Program Files\Unity\Hub\Editor\2020.2.4f1\Editor\Unity.exe
-adb2
-batchMode
-noUpm
-name
AssetImportWorker0
-projectPath
C:/Users/Eric Vollenweider/Documents/Projects/RobotDynamicsLibrary/UnityExamples/RobotKinematics
-logFile
Logs/AssetImportWorker0.log
-srvPort
50838
Successfully changed project path to: C:/Users/Eric Vollenweider/Documents/Projects/RobotDynamicsLibrary/UnityExamples/RobotKinematics
C:/Users/Eric Vollenweider/Documents/Projects/RobotDynamicsLibrary/UnityExamples/RobotKinematics
Using Asset Import Pipeline V2.
Refreshing native plugins compatible for Editor in 32.81 ms, found 0 plugins.
Preloading 0 native plugins for Editor in 0.00 ms.
Initialize engine version: 2020.2.4f1 (becced5a802b)
[Subsystems] Discovering subsystems at path C:/Program Files/Unity/Hub/Editor/2020.2.4f1/Editor/Data/Resources/UnitySubsystems
[Subsystems] Discovering subsystems at path C:/Users/Eric Vollenweider/Documents/Projects/RobotDynamicsLibrary/UnityExamples/RobotKinematics/Assets
GfxDevice: creating device client; threaded=0
Direct3D:
    Version:  Direct3D 11.0 [level 11.1]
    Renderer: NVIDIA GeForce GTX 1650 (ID=0x1f82)
    Vendor:   
    VRAM:     3962 MB
    Driver:   27.21.14.6089
Initialize mono
Mono path[0] = 'C:/Program Files/Unity/Hub/Editor/2020.2.4f1/Editor/Data/Managed'
Mono path[1] = 'C:/Program Files/Unity/Hub/Editor/2020.2.4f1/Editor/Data/MonoBleedingEdge/lib/mono/unityjit'
Mono config path = 'C:/Program Files/Unity/Hub/Editor/2020.2.4f1/Editor/Data/MonoBleedingEdge/etc'
Using monoOptions --debugger-agent=transport=dt_socket,embedding=1,server=y,suspend=n,address=127.0.0.1:56144
Begin MonoManager ReloadAssembly
Registering precompiled unity dll's ...
Register platform support module: C:/Program Files/Unity/Hub/Editor/2020.2.4f1/Editor/Data/PlaybackEngines/WindowsStandaloneSupport/UnityEditor.WindowsStandalone.Extensions.dll
Registered in 0.001429 seconds.
Native extension for WindowsStandalone target not found
Refreshing native plugins compatible for Editor in 29.06 ms, found 0 plugins.
Preloading 0 native plugins for Editor in 0.00 ms.
Invoked RoslynAnalysisRunner static constructor.
RoslynAnalysisRunner will not be running.
RoslynAnalysisRunner has terminated.
Mono: successfully reloaded assembly
- Completed reload, in  0.836 seconds
Platform modules already initialized, skipping
Registering precompiled user dll's ...
Registered in 0.003049 seconds.
Begin MonoManager ReloadAssembly
Native extension for WindowsStandalone target not found
Refreshing native plugins compatible for Editor in 0.40 ms, found 0 plugins.
Preloading 0 native plugins for Editor in 0.00 ms.
Invoked RoslynAnalysisRunner static constructor.
RoslynAnalysisRunner will not be running.
RoslynAnalysisRunner has terminated.
Mono: successfully reloaded assembly
- Completed reload, in  0.716 seconds
Platform modules already initialized, skipping
========================================================================
Worker process is ready to serve import requests
Launched and connected shader compiler UnityShaderCompiler.exe after 0.03 seconds
Refreshing native plugins compatible for Editor in 0.44 ms, found 0 plugins.
Preloading 0 native plugins for Editor in 0.00 ms.
Unloading 1528 Unused Serialized files (Serialized files now loaded: 0)
System memory in use before: 70.5 MB.
System memory in use after: 70.6 MB.

Unloading 38 unused Assets to reduce memory usage. Loaded Objects now: 1952.
Total: 1.779600 ms (FindLiveObjects: 0.192400 ms CreateObjectMapping: 0.044800 ms MarkObjects: 1.479000 ms  DeleteObjects: 0.062500 ms)

========================================================================
Received Prepare
Registering precompiled user dll's ...
Registered in 0.003020 seconds.
Begin MonoManager ReloadAssembly
Native extension for WindowsStandalone target not found
Refreshing native plugins compatible for Editor in 0.49 ms, found 0 plugins.
Preloading 0 native plugins for Editor in 0.00 ms.
Invoked RoslynAnalysisRunner static constructor.
RoslynAnalysisRunner will not be running.
RoslynAnalysisRunner has terminated.
Mono: successfully reloaded assembly
- Completed reload, in  0.687 seconds
Platform modules already initialized, skipping
Refreshing native plugins compatible for Editor in 0.46 ms, found 0 plugins.
Preloading 0 native plugins for Editor in 0.00 ms.
Unloading 1512 Unused Serialized files (Serialized files now loaded: 0)
System memory in use before: 69.6 MB.
System memory in use after: 69.7 MB.

Unloading 29 unused Assets to reduce memory usage. Loaded Objects now: 1954.
Total: 1.635000 ms (FindLiveObjects: 0.173700 ms CreateObjectMapping: 0.034900 ms MarkObjects: 1.405800 ms  DeleteObjects: 0.019600 ms)

========================================================================
Received Prepare
Registering precompiled user dll's ...
Registered in 0.003808 seconds.
Begin MonoManager ReloadAssembly
Native extension for WindowsStandalone target not found
Refreshing native plugins compatible for Editor in 0.50 ms, found 0 plugins.
Preloading 0 native plugins for Editor in 0.00 ms.
Invoked RoslynAnalysisRunner static constructor.
RoslynAnalysisRunner will not be running.
RoslynAnalysisRunner has terminated.
Mono: successfully reloaded assembly
- Completed reload, in  0.704 seconds
Platform modules already initialized, skipping
Refreshing native plugins compatible for Editor in 0.47 ms, found 0 plugins.
Preloading 0 native plugins for Editor in 0.00 ms.
Unloading 1512 Unused Serialized files (Serialized files now loaded: 0)
System memory in use before: 69.7 MB.
System memory in use after: 69.8 MB.

Unloading 29 unused Assets to reduce memory usage. Loaded Objects now: 1956.
Total: 1.697900 ms (FindLiveObjects: 0.189400 ms CreateObjectMapping: 0.035300 ms MarkObjects: 1.454700 ms  DeleteObjects: 0.017400 ms)

========================================================================
Received Import Request.
  path: Assets/RobotDynamics/Robot.cs
  artifactKey: Guid(021b52ee0bc7d414ca5085e686503826) Importer(815301076,1909f56bfc062723c751e8b465ee728b)
Start importing Assets/RobotDynamics/Robot.cs using Guid(021b52ee0bc7d414ca5085e686503826) Importer(815301076,1909f56bfc062723c751e8b465ee728b)  -> (artifact id: '0fb70a5238b32d99919756a3d0cc245c') in 0.034321 seconds
  Import took 0.036866 seconds .

========================================================================
Received Import Request.
  Time since last request: 0.002329 seconds.
  path: Assets/RobotDynamics/Robot.cs
  artifactKey: Guid(021b52ee0bc7d414ca5085e686503826) Importer(815301076,1909f56bfc062723c751e8b465ee728b)
Start importing Assets/RobotDynamics/Robot.cs using Guid(021b52ee0bc7d414ca5085e686503826) Importer(815301076,1909f56bfc062723c751e8b465ee728b)  -> (artifact id: '0fb70a5238b32d99919756a3d0cc245c') in 0.002437 seconds
  Import took 0.004161 seconds .

========================================================================
Received Import Request.
  Time since last request: 21.516651 seconds.
  path: Assets/RobotDynamics/LinearRobot.cs
  artifactKey: Guid(2df844732ebd0c949b08b521610cfeb6) Importer(815301076,1909f56bfc062723c751e8b465ee728b)
Start importing Assets/RobotDynamics/LinearRobot.cs using Guid(2df844732ebd0c949b08b521610cfeb6) Importer(815301076,1909f56bfc062723c751e8b465ee728b)  -> (artifact id: 'e67dfbc81106bb1d82a5af1cc857fd31') in 0.006768 seconds
  Import took 0.009228 seconds .

========================================================================
Received Prepare
Registering precompiled user dll's ...
Registered in 0.002889 seconds.
Begin MonoManager ReloadAssembly
Native extension for WindowsStandalone target not found
Refreshing native plugins compatible for Editor in 0.50 ms, found 0 plugins.
Preloading 0 native plugins for Editor in 0.00 ms.
Invoked RoslynAnalysisRunner static constructor.
RoslynAnalysisRunner will not be running.
RoslynAnalysisRunner has terminated.
Mono: successfully reloaded assembly
- Completed reload, in  0.709 seconds
Platform modules already initialized, skipping
Refreshing native plugins compatible for Editor in 0.48 ms, found 0 plugins.
Preloading 0 native plugins for Editor in 0.00 ms.
Unloading 1513 Unused Serialized files (Serialized files now loaded: 0)
System memory in use before: 69.7 MB.
System memory in use after: 69.8 MB.

Unloading 29 unused Assets to reduce memory usage. Loaded Objects now: 1959.
Total: 1.742700 ms (FindLiveObjects: 0.214700 ms CreateObjectMapping: 0.036600 ms MarkObjects: 1.470300 ms  DeleteObjects: 0.020000 ms)

========================================================================
Received Prepare
Registering precompiled user dll's ...
Registered in 0.002888 seconds.
Begin MonoManager ReloadAssembly
Native extension for WindowsStandalone target not found
Refreshing native plugins compatible for Editor in 0.47 ms, found 0 plugins.
Preloading 0 native plugins for Editor in 0.00 ms.
Invoked RoslynAnalysisRunner static constructor.
RoslynAnalysisRunner will not be running.
RoslynAnalysisRunner has terminated.
Mono: successfully reloaded assembly
- Completed reload, in  0.688 seconds
Platform modules already initialized, skipping
Refreshing native plugins compatible for Editor in 0.46 ms, found 0 plugins.
Preloading 0 native plugins for Editor in 0.00 ms.
Unloading 1513 Unused Serialized files (Serialized files now loaded: 0)
System memory in use before: 69.7 MB.
System memory in use after: 69.8 MB.

Unloading 29 unused Assets to reduce memory usage. Loaded Objects now: 1961.
Total: 1.715000 ms (FindLiveObjects: 0.206200 ms CreateObjectMapping: 0.040600 ms MarkObjects: 1.449600 ms  DeleteObjects: 0.017500 ms)

========================================================================
Received Import Request.
  Time since last request: 362.528427 seconds.
  path: Assets/RobotDynamics/LinearRobot.cs
  artifactKey: Guid(2df844732ebd0c949b08b521610cfeb6) Importer(815301076,1909f56bfc062723c751e8b465ee728b)
Start importing Assets/RobotDynamics/LinearRobot.cs using Guid(2df844732ebd0c949b08b521610cfeb6) Importer(815301076,1909f56bfc062723c751e8b465ee728b)  -> (artifact id: 'f5a29874da286829ba0120a689a1b9da') in 0.005025 seconds
  Import took 0.007187 seconds .

========================================================================
Received Import Request.
  Time since last request: 33.585888 seconds.
  path: Assets/RobotDynamics/RobotDynamics.dll
  artifactKey: Guid(28acc4f32d33a314bae2ba85e80f7d52) Importer(815301076,1909f56bfc062723c751e8b465ee728b)
Start importing Assets/RobotDynamics/RobotDynamics.dll using Guid(28acc4f32d33a314bae2ba85e80f7d52) Importer(815301076,1909f56bfc062723c751e8b465ee728b)  -> (artifact id: 'e03ae839e5c122bd53d9cdab4ee6fc77') in 0.009767 seconds
  Import took 0.012248 seconds .

========================================================================
Received Import Request.
  Time since last request: 0.009247 seconds.
  path: Assets/RobotDynamics/RobotDynamics.dll
  artifactKey: Guid(28acc4f32d33a314bae2ba85e80f7d52) Importer(815301076,1909f56bfc062723c751e8b465ee728b)
Start importing Assets/RobotDynamics/RobotDynamics.dll using Guid(28acc4f32d33a314bae2ba85e80f7d52) Importer(815301076,1909f56bfc062723c751e8b465ee728b)  -> (artifact id: 'e03ae839e5c122bd53d9cdab4ee6fc77') in 0.002265 seconds
  Import took 0.004039 seconds .

========================================================================
Received Prepare
Registering precompiled user dll's ...
Registered in 0.002860 seconds.
Begin MonoManager ReloadAssembly
Native extension for WindowsStandalone target not found
Refreshing native plugins compatible for Editor in 0.48 ms, found 0 plugins.
Preloading 0 native plugins for Editor in 0.00 ms.
Invoked RoslynAnalysisRunner static constructor.
RoslynAnalysisRunner will not be running.
RoslynAnalysisRunner has terminated.
Mono: successfully reloaded assembly
- Completed reload, in  0.671 seconds
Platform modules already initialized, skipping
Refreshing native plugins compatible for Editor in 0.54 ms, found 0 plugins.
Preloading 0 native plugins for Editor in 0.00 ms.
Unloading 1513 Unused Serialized files (Serialized files now loaded: 0)
System memory in use before: 69.8 MB.
System memory in use after: 69.9 MB.

Unloading 29 unused Assets to reduce memory usage. Loaded Objects now: 1963.
Total: 1.660800 ms (FindLiveObjects: 0.179200 ms CreateObjectMapping: 0.040400 ms MarkObjects: 1.423400 ms  DeleteObjects: 0.016800 ms)

========================================================================
Received Prepare
Registering precompiled user dll's ...
Registered in 0.003021 seconds.
Begin MonoManager ReloadAssembly
Native extension for WindowsStandalone target not found
Refreshing native plugins compatible for Editor in 0.48 ms, found 0 plugins.
Preloading 0 native plugins for Editor in 0.00 ms.
Invoked RoslynAnalysisRunner static constructor.
RoslynAnalysisRunner will not be running.
RoslynAnalysisRunner has terminated.
Mono: successfully reloaded assembly
- Completed reload, in  0.693 seconds
Platform modules already initialized, skipping
Refreshing native plugins compatible for Editor in 0.49 ms, found 0 plugins.
Preloading 0 native plugins for Editor in 0.00 ms.
Unloading 1513 Unused Serialized files (Serialized files now loaded: 0)
System memory in use before: 69.8 MB.
System memory in use after: 69.9 MB.

Unloading 29 unused Assets to reduce memory usage. Loaded Objects now: 1965.
Total: 1.818300 ms (FindLiveObjects: 0.214400 ms CreateObjectMapping: 0.041400 ms MarkObjects: 1.535900 ms  DeleteObjects: 0.025500 ms)

========================================================================
Received Import Request.
  Time since last request: 214.935921 seconds.
  path: Assets/RobotDynamics/RobotDynamics.dll
  artifactKey: Guid(28acc4f32d33a314bae2ba85e80f7d52) Importer(815301076,1909f56bfc062723c751e8b465ee728b)
Start importing Assets/RobotDynamics/RobotDynamics.dll using Guid(28acc4f32d33a314bae2ba85e80f7d52) Importer(815301076,1909f56bfc062723c751e8b465ee728b)  -> (artifact id: '59988c8e0c2b31cbe7562dc88842aa3b') in 0.005048 seconds
  Import took 0.007242 seconds .

========================================================================
Received Import Request.
  Time since last request: 73.862547 seconds.
  path: Assets/RobotDynamics/RobotDynamics.dll
  artifactKey: Guid(28acc4f32d33a314bae2ba85e80f7d52) Importer(815301076,1909f56bfc062723c751e8b465ee728b)
Start importing Assets/RobotDynamics/RobotDynamics.dll using Guid(28acc4f32d33a314bae2ba85e80f7d52) Importer(815301076,1909f56bfc062723c751e8b465ee728b)  -> (artifact id: '95f6643fe8472a5330f83ca08100120b') in 0.002627 seconds
  Import took 0.005120 seconds .

========================================================================
Received Prepare
Registering precompiled user dll's ...
Registered in 0.002963 seconds.
Begin MonoManager ReloadAssembly
Native extension for WindowsStandalone target not found
Refreshing native plugins compatible for Editor in 0.48 ms, found 0 plugins.
Preloading 0 native plugins for Editor in 0.00 ms.
Invoked RoslynAnalysisRunner static constructor.
RoslynAnalysisRunner will not be running.
RoslynAnalysisRunner has terminated.
Mono: successfully reloaded assembly
- Completed reload, in  0.693 seconds
Platform modules already initialized, skipping
Refreshing native plugins compatible for Editor in 0.50 ms, found 0 plugins.
Preloading 0 native plugins for Editor in 0.00 ms.
Unloading 1513 Unused Serialized files (Serialized files now loaded: 0)
System memory in use before: 69.8 MB.
System memory in use after: 69.9 MB.

Unloading 29 unused Assets to reduce memory usage. Loaded Objects now: 1967.
Total: 1.836000 ms (FindLiveObjects: 0.282700 ms CreateObjectMapping: 0.050200 ms MarkObjects: 1.483400 ms  DeleteObjects: 0.018600 ms)

========================================================================
Received Prepare
Registering precompiled user dll's ...
Registered in 0.003005 seconds.
Begin MonoManager ReloadAssembly
Native extension for WindowsStandalone target not found
Refreshing native plugins compatible for Editor in 0.48 ms, found 0 plugins.
Preloading 0 native plugins for Editor in 0.00 ms.
Invoked RoslynAnalysisRunner static constructor.
RoslynAnalysisRunner will not be running.
RoslynAnalysisRunner has terminated.
Mono: successfully reloaded assembly
- Completed reload, in  0.680 seconds
Platform modules already initialized, skipping
Refreshing native plugins compatible for Editor in 0.48 ms, found 0 plugins.
Preloading 0 native plugins for Editor in 0.00 ms.
Unloading 1513 Unused Serialized files (Serialized files now loaded: 0)
System memory in use before: 69.8 MB.
System memory in use after: 69.9 MB.

Unloading 29 unused Assets to reduce memory usage. Loaded Objects now: 1969.
Total: 1.862100 ms (FindLiveObjects: 0.204400 ms CreateObjectMapping: 0.041400 ms MarkObjects: 1.591000 ms  DeleteObjects: 0.024200 ms)

========================================================================
Received Prepare
Registering precompiled user dll's ...
Registered in 0.002944 seconds.
Begin MonoManager ReloadAssembly
Native extension for WindowsStandalone target not found
Refreshing native plugins compatible for Editor in 0.47 ms, found 0 plugins.
Preloading 0 native plugins for Editor in 0.00 ms.
Invoked RoslynAnalysisRunner static constructor.
RoslynAnalysisRunner will not be running.
RoslynAnalysisRunner has terminated.
Mono: successfully reloaded assembly
- Completed reload, in  0.662 seconds
Platform modules already initialized, skipping
Refreshing native plugins compatible for Editor in 0.50 ms, found 0 plugins.
Preloading 0 native plugins for Editor in 0.00 ms.
Unloading 1513 Unused Serialized files (Serialized files now loaded: 0)
System memory in use before: 69.8 MB.
System memory in use after: 69.9 MB.

Unloading 29 unused Assets to reduce memory usage. Loaded Objects now: 1971.
Total: 1.706400 ms (FindLiveObjects: 0.187900 ms CreateObjectMapping: 0.041700 ms MarkObjects: 1.458400 ms  DeleteObjects: 0.017200 ms)

========================================================================
Received Prepare
Registering precompiled user dll's ...
Registered in 0.003160 seconds.
Begin MonoManager ReloadAssembly
Native extension for WindowsStandalone target not found
Refreshing native plugins compatible for Editor in 0.49 ms, found 0 plugins.
Preloading 0 native plugins for Editor in 0.00 ms.
Invoked RoslynAnalysisRunner static constructor.
RoslynAnalysisRunner will not be running.
RoslynAnalysisRunner has terminated.
Mono: successfully reloaded assembly
- Completed reload, in  0.677 seconds
Platform modules already initialized, skipping
Refreshing native plugins compatible for Editor in 0.47 ms, found 0 plugins.
Preloading 0 native plugins for Editor in 0.00 ms.
Unloading 1513 Unused Serialized files (Serialized files now loaded: 0)
System memory in use before: 69.8 MB.
System memory in use after: 69.9 MB.

Unloading 29 unused Assets to reduce memory usage. Loaded Objects now: 1973.
Total: 1.659500 ms (FindLiveObjects: 0.170300 ms CreateObjectMapping: 0.039800 ms MarkObjects: 1.429500 ms  DeleteObjects: 0.019000 ms)

========================================================================
Received Prepare
Registering precompiled user dll's ...
Registered in 0.003198 seconds.
Begin MonoManager ReloadAssembly
Native extension for WindowsStandalone target not found
Refreshing native plugins compatible for Editor in 0.51 ms, found 0 plugins.
Preloading 0 native plugins for Editor in 0.00 ms.
Invoked RoslynAnalysisRunner static constructor.
RoslynAnalysisRunner will not be running.
RoslynAnalysisRunner has terminated.
Mono: successfully reloaded assembly
- Completed reload, in  0.681 seconds
Platform modules already initialized, skipping
Refreshing native plugins compatible for Editor in 0.48 ms, found 0 plugins.
Preloading 0 native plugins for Editor in 0.00 ms.
Unloading 1513 Unused Serialized files (Serialized files now loaded: 0)
System memory in use before: 69.8 MB.
System memory in use after: 69.9 MB.

Unloading 29 unused Assets to reduce memory usage. Loaded Objects now: 1975.
Total: 1.703700 ms (FindLiveObjects: 0.179100 ms CreateObjectMapping: 0.041600 ms MarkObjects: 1.464500 ms  DeleteObjects: 0.017700 ms)

========================================================================
Received Import Request.
  Time since last request: 470.759734 seconds.
  path: Assets/RobotDynamics/TargetMover.cs
  artifactKey: Guid(4b8c4caf41bbc7343aa858e07a48892a) Importer(815301076,1909f56bfc062723c751e8b465ee728b)
Start importing Assets/RobotDynamics/TargetMover.cs using Guid(4b8c4caf41bbc7343aa858e07a48892a) Importer(815301076,1909f56bfc062723c751e8b465ee728b)  -> (artifact id: '148ec908067696bde741929e3b61a590') in 0.008458 seconds
  Import took 0.010922 seconds .

========================================================================
Received Prepare
Registering precompiled user dll's ...
Registered in 0.003137 seconds.
Begin MonoManager ReloadAssembly
Native extension for WindowsStandalone target not found
Refreshing native plugins compatible for Editor in 0.52 ms, found 0 plugins.
Preloading 0 native plugins for Editor in 0.00 ms.
Invoked RoslynAnalysisRunner static constructor.
RoslynAnalysisRunner will not be running.
RoslynAnalysisRunner has terminated.
Mono: successfully reloaded assembly
- Completed reload, in  0.712 seconds
Platform modules already initialized, skipping
Refreshing native plugins compatible for Editor in 0.56 ms, found 0 plugins.
Preloading 0 native plugins for Editor in 0.00 ms.
Unloading 1513 Unused Serialized files (Serialized files now loaded: 0)
System memory in use before: 69.8 MB.
System memory in use after: 69.9 MB.

Unloading 29 unused Assets to reduce memory usage. Loaded Objects now: 1977.
Total: 2.233100 ms (FindLiveObjects: 0.330700 ms CreateObjectMapping: 0.035700 ms MarkObjects: 1.837800 ms  DeleteObjects: 0.027100 ms)

========================================================================
Received Prepare
Registering precompiled user dll's ...
Registered in 0.004563 seconds.
Begin MonoManager ReloadAssembly
Native extension for WindowsStandalone target not found
Refreshing native plugins compatible for Editor in 0.55 ms, found 0 plugins.
Preloading 0 native plugins for Editor in 0.00 ms.
Invoked RoslynAnalysisRunner static constructor.
RoslynAnalysisRunner will not be running.
RoslynAnalysisRunner has terminated.
Mono: successfully reloaded assembly
- Completed reload, in  0.705 seconds
Platform modules already initialized, skipping
Refreshing native plugins compatible for Editor in 0.50 ms, found 0 plugins.
Preloading 0 native plugins for Editor in 0.00 ms.
Unloading 1513 Unused Serialized files (Serialized files now loaded: 0)
System memory in use before: 69.8 MB.
System memory in use after: 69.9 MB.

Unloading 29 unused Assets to reduce memory usage. Loaded Objects now: 1979.
Total: 1.851000 ms (FindLiveObjects: 0.214700 ms CreateObjectMapping: 0.036000 ms MarkObjects: 1.572900 ms  DeleteObjects: 0.026000 ms)

========================================================================
Received Prepare
Registering precompiled user dll's ...
Registered in 0.003003 seconds.
Begin MonoManager ReloadAssembly
Native extension for WindowsStandalone target not found
Refreshing native plugins compatible for Editor in 0.49 ms, found 0 plugins.
Preloading 0 native plugins for Editor in 0.00 ms.
Invoked RoslynAnalysisRunner static constructor.
RoslynAnalysisRunner will not be running.
RoslynAnalysisRunner has terminated.
Mono: successfully reloaded assembly
- Completed reload, in  0.674 seconds
Platform modules already initialized, skipping
Refreshing native plugins compatible for Editor in 0.48 ms, found 0 plugins.
Preloading 0 native plugins for Editor in 0.00 ms.
Unloading 1513 Unused Serialized files (Serialized files now loaded: 0)
System memory in use before: 69.8 MB.
System memory in use after: 69.9 MB.

Unloading 29 unused Assets to reduce memory usage. Loaded Objects now: 1981.
Total: 1.817900 ms (FindLiveObjects: 0.206100 ms CreateObjectMapping: 0.041300 ms MarkObjects: 1.540400 ms  DeleteObjects: 0.029000 ms)

========================================================================
Received Prepare
Registering precompiled user dll's ...
Registered in 0.003061 seconds.
Begin MonoManager ReloadAssembly
Native extension for WindowsStandalone target not found
Refreshing native plugins compatible for Editor in 0.47 ms, found 0 plugins.
Preloading 0 native plugins for Editor in 0.00 ms.
Invoked RoslynAnalysisRunner static constructor.
RoslynAnalysisRunner will not be running.
RoslynAnalysisRunner has terminated.
Mono: successfully reloaded assembly
- Completed reload, in  0.657 seconds
Platform modules already initialized, skipping
Refreshing native plugins compatible for Editor in 0.50 ms, found 0 plugins.
Preloading 0 native plugins for Editor in 0.00 ms.
Unloading 1513 Unused Serialized files (Serialized files now loaded: 0)
System memory in use before: 69.8 MB.
System memory in use after: 69.9 MB.

Unloading 29 unused Assets to reduce memory usage. Loaded Objects now: 1983.
Total: 2.087200 ms (FindLiveObjects: 0.212800 ms CreateObjectMapping: 0.042300 ms MarkObjects: 1.805700 ms  DeleteObjects: 0.025200 ms)

========================================================================
Received Import Request.
  Time since last request: 532.971240 seconds.
  path: Assets/RobotDynamics/LinearJoints
  artifactKey: Guid(c7d6154ebe1f50f48b984c359e5247ec) Importer(815301076,1909f56bfc062723c751e8b465ee728b)
Start importing Assets/RobotDynamics/LinearJoints using Guid(c7d6154ebe1f50f48b984c359e5247ec) Importer(815301076,1909f56bfc062723c751e8b465ee728b)  -> (artifact id: '143ef43e175c52a9d4578cfb01c98178') in 0.009347 seconds
  Import took 0.011975 seconds .

========================================================================
Received Prepare
Registering precompiled user dll's ...
Registered in 0.002961 seconds.
Begin MonoManager ReloadAssembly
Native extension for WindowsStandalone target not found
Refreshing native plugins compatible for Editor in 0.49 ms, found 0 plugins.
Preloading 0 native plugins for Editor in 0.00 ms.
Invoked RoslynAnalysisRunner static constructor.
RoslynAnalysisRunner will not be running.
RoslynAnalysisRunner has terminated.
Mono: successfully reloaded assembly
- Completed reload, in  0.690 seconds
Platform modules already initialized, skipping
Refreshing native plugins compatible for Editor in 0.49 ms, found 0 plugins.
Preloading 0 native plugins for Editor in 0.00 ms.
Unloading 1514 Unused Serialized files (Serialized files now loaded: 0)
System memory in use before: 69.8 MB.
System memory in use after: 69.9 MB.

Unloading 29 unused Assets to reduce memory usage. Loaded Objects now: 1986.
Total: 1.778500 ms (FindLiveObjects: 0.202100 ms CreateObjectMapping: 0.041600 ms MarkObjects: 1.513800 ms  DeleteObjects: 0.019900 ms)

========================================================================
Received Prepare
Registering precompiled user dll's ...
Registered in 0.002939 seconds.
Begin MonoManager ReloadAssembly
Native extension for WindowsStandalone target not found
Refreshing native plugins compatible for Editor in 0.51 ms, found 0 plugins.
Preloading 0 native plugins for Editor in 0.00 ms.
Invoked RoslynAnalysisRunner static constructor.
RoslynAnalysisRunner will not be running.
RoslynAnalysisRunner has terminated.
Mono: successfully reloaded assembly
- Completed reload, in  0.685 seconds
Platform modules already initialized, skipping
Refreshing native plugins compatible for Editor in 0.48 ms, found 0 plugins.
Preloading 0 native plugins for Editor in 0.00 ms.
Unloading 1514 Unused Serialized files (Serialized files now loaded: 0)
System memory in use before: 69.8 MB.
System memory in use after: 69.9 MB.

Unloading 29 unused Assets to reduce memory usage. Loaded Objects now: 1988.
Total: 1.838000 ms (FindLiveObjects: 0.262600 ms CreateObjectMapping: 0.046600 ms MarkObjects: 1.509700 ms  DeleteObjects: 0.018000 ms)

========================================================================
Received Import Request.
  Time since last request: 29.441789 seconds.
  path: Assets/RobotDynamics/LinearJoints/LinearJointHandler.cs
  artifactKey: Guid(486151456393afe4a9cb878a11fae789) Importer(815301076,1909f56bfc062723c751e8b465ee728b)
Start importing Assets/RobotDynamics/LinearJoints/LinearJointHandler.cs using Guid(486151456393afe4a9cb878a11fae789) Importer(815301076,1909f56bfc062723c751e8b465ee728b)  -> (artifact id: '0199022bda8583206726094c8f043564') in 0.008960 seconds
  Import took 0.011517 seconds .

========================================================================
Received Import Request.
  Time since last request: 337.290889 seconds.
  path: Assets/RobotDynamics/LinearJoints/LinearJointHandler.cs
  artifactKey: Guid(486151456393afe4a9cb878a11fae789) Importer(815301076,1909f56bfc062723c751e8b465ee728b)
Start importing Assets/RobotDynamics/LinearJoints/LinearJointHandler.cs using Guid(486151456393afe4a9cb878a11fae789) Importer(815301076,1909f56bfc062723c751e8b465ee728b)  -> (artifact id: '28d529cc6f7d7eee571c4e111e0daa8f') in 0.003037 seconds
  Import took 0.005653 seconds .

========================================================================
Received Import Request.
  Time since last request: 7.393279 seconds.
  path: Assets/RobotDynamics/Extensions.cs
  artifactKey: Guid(da6e49595a34be442a61bf8592ab84f7) Importer(815301076,1909f56bfc062723c751e8b465ee728b)
Start importing Assets/RobotDynamics/Extensions.cs using Guid(da6e49595a34be442a61bf8592ab84f7) Importer(815301076,1909f56bfc062723c751e8b465ee728b)  -> (artifact id: '2ee49962f0e70ca9cd779d33d7f31bdf') in 0.007436 seconds
  Import took 0.024432 seconds .

========================================================================
Received Prepare
Registering precompiled user dll's ...
Registered in 0.003063 seconds.
Begin MonoManager ReloadAssembly
Native extension for WindowsStandalone target not found
Refreshing native plugins compatible for Editor in 0.48 ms, found 0 plugins.
Preloading 0 native plugins for Editor in 0.00 ms.
Invoked RoslynAnalysisRunner static constructor.
RoslynAnalysisRunner will not be running.
RoslynAnalysisRunner has terminated.
Mono: successfully reloaded assembly
- Completed reload, in  0.683 seconds
Platform modules already initialized, skipping
Refreshing native plugins compatible for Editor in 0.47 ms, found 0 plugins.
Preloading 0 native plugins for Editor in 0.00 ms.
Unloading 1515 Unused Serialized files (Serialized files now loaded: 0)
System memory in use before: 69.9 MB.
System memory in use after: 70.0 MB.

Unloading 29 unused Assets to reduce memory usage. Loaded Objects now: 1991.
Total: 1.772800 ms (FindLiveObjects: 0.226200 ms CreateObjectMapping: 0.040400 ms MarkObjects: 1.484200 ms  DeleteObjects: 0.020400 ms)

========================================================================
Received Import Request.
  Time since last request: 159.750282 seconds.
  path: Assets/RobotDynamics/IJoint.cs
  artifactKey: Guid(11b9d90be30b98643a40f036979e6b58) Importer(815301076,1909f56bfc062723c751e8b465ee728b)
Start importing Assets/RobotDynamics/IJoint.cs using Guid(11b9d90be30b98643a40f036979e6b58) Importer(815301076,1909f56bfc062723c751e8b465ee728b)  -> (artifact id: '3d16a9f3a704436028f9ac2f1b339b19') in 0.008707 seconds
  Import took 0.011244 seconds .

========================================================================
Received Prepare
Registering precompiled user dll's ...
Registered in 0.003424 seconds.
Begin MonoManager ReloadAssembly
Native extension for WindowsStandalone target not found
Refreshing native plugins compatible for Editor in 0.50 ms, found 0 plugins.
Preloading 0 native plugins for Editor in 0.00 ms.
Invoked RoslynAnalysisRunner static constructor.
RoslynAnalysisRunner will not be running.
RoslynAnalysisRunner has terminated.
Mono: successfully reloaded assembly
- Completed reload, in  0.708 seconds
Platform modules already initialized, skipping
Refreshing native plugins compatible for Editor in 0.48 ms, found 0 plugins.
Preloading 0 native plugins for Editor in 0.00 ms.
Unloading 1516 Unused Serialized files (Serialized files now loaded: 0)
System memory in use before: 69.9 MB.
System memory in use after: 70.0 MB.

Unloading 29 unused Assets to reduce memory usage. Loaded Objects now: 1994.
Total: 1.647300 ms (FindLiveObjects: 0.177200 ms CreateObjectMapping: 0.035800 ms MarkObjects: 1.416300 ms  DeleteObjects: 0.017100 ms)

========================================================================
Received Prepare
Registering precompiled user dll's ...
Registered in 0.003191 seconds.
Begin MonoManager ReloadAssembly
Native extension for WindowsStandalone target not found
Refreshing native plugins compatible for Editor in 0.50 ms, found 0 plugins.
Preloading 0 native plugins for Editor in 0.00 ms.
Invoked RoslynAnalysisRunner static constructor.
RoslynAnalysisRunner will not be running.
RoslynAnalysisRunner has terminated.
Mono: successfully reloaded assembly
- Completed reload, in  0.728 seconds
Platform modules already initialized, skipping
Refreshing native plugins compatible for Editor in 0.48 ms, found 0 plugins.
Preloading 0 native plugins for Editor in 0.00 ms.
Unloading 1516 Unused Serialized files (Serialized files now loaded: 0)
System memory in use before: 69.9 MB.
System memory in use after: 70.0 MB.

Unloading 29 unused Assets to reduce memory usage. Loaded Objects now: 1996.
Total: 1.713800 ms (FindLiveObjects: 0.196900 ms CreateObjectMapping: 0.042200 ms MarkObjects: 1.455900 ms  DeleteObjects: 0.017500 ms)

========================================================================
Received Import Request.
  Time since last request: 60.620220 seconds.
  path: Assets/RobotDynamics/IJoint.cs
  artifactKey: Guid(11b9d90be30b98643a40f036979e6b58) Importer(815301076,1909f56bfc062723c751e8b465ee728b)
Start importing Assets/RobotDynamics/IJoint.cs using Guid(11b9d90be30b98643a40f036979e6b58) Importer(815301076,1909f56bfc062723c751e8b465ee728b)  -> (artifact id: '61f90909faedc2c7ec52e172424519d3') in 0.005127 seconds
  Import took 0.007286 seconds .

========================================================================
Received Import Request.
  Time since last request: 17.424287 seconds.
  path: Assets/RobotDynamics/LinearJoints/LinearJointHandler.cs
  artifactKey: Guid(486151456393afe4a9cb878a11fae789) Importer(815301076,1909f56bfc062723c751e8b465ee728b)
Start importing Assets/RobotDynamics/LinearJoints/LinearJointHandler.cs using Guid(486151456393afe4a9cb878a11fae789) Importer(815301076,1909f56bfc062723c751e8b465ee728b)  -> (artifact id: '1c731b9f64215033ae6a6588b943597f') in 0.007908 seconds
  Import took 0.010498 seconds .

========================================================================
Received Prepare
Registering precompiled user dll's ...
Registered in 0.002948 seconds.
Begin MonoManager ReloadAssembly
Native extension for WindowsStandalone target not found
Refreshing native plugins compatible for Editor in 0.48 ms, found 0 plugins.
Preloading 0 native plugins for Editor in 0.00 ms.
Invoked RoslynAnalysisRunner static constructor.
RoslynAnalysisRunner will not be running.
RoslynAnalysisRunner has terminated.
Mono: successfully reloaded assembly
- Completed reload, in  0.671 seconds
Platform modules already initialized, skipping
Refreshing native plugins compatible for Editor in 0.47 ms, found 0 plugins.
Preloading 0 native plugins for Editor in 0.00 ms.
Unloading 1516 Unused Serialized files (Serialized files now loaded: 0)
System memory in use before: 69.9 MB.
System memory in use after: 70.0 MB.

Unloading 29 unused Assets to reduce memory usage. Loaded Objects now: 1998.
Total: 1.696000 ms (FindLiveObjects: 0.176700 ms CreateObjectMapping: 0.043200 ms MarkObjects: 1.455800 ms  DeleteObjects: 0.019400 ms)

========================================================================
Received Prepare
Registering precompiled user dll's ...
Registered in 0.002918 seconds.
Begin MonoManager ReloadAssembly
Native extension for WindowsStandalone target not found
Refreshing native plugins compatible for Editor in 0.48 ms, found 0 plugins.
Preloading 0 native plugins for Editor in 0.00 ms.
Invoked RoslynAnalysisRunner static constructor.
RoslynAnalysisRunner will not be running.
RoslynAnalysisRunner has terminated.
Mono: successfully reloaded assembly
- Completed reload, in  0.706 seconds
Platform modules already initialized, skipping
Refreshing native plugins compatible for Editor in 0.46 ms, found 0 plugins.
Preloading 0 native plugins for Editor in 0.00 ms.
Unloading 1516 Unused Serialized files (Serialized files now loaded: 0)
System memory in use before: 69.9 MB.
System memory in use after: 70.0 MB.

Unloading 29 unused Assets to reduce memory usage. Loaded Objects now: 2000.
Total: 1.890400 ms (FindLiveObjects: 0.172000 ms CreateObjectMapping: 0.040700 ms MarkObjects: 1.658600 ms  DeleteObjects: 0.018200 ms)

========================================================================
Received Prepare
Registering precompiled user dll's ...
Registered in 0.002925 seconds.
Begin MonoManager ReloadAssembly
Native extension for WindowsStandalone target not found
Refreshing native plugins compatible for Editor in 0.48 ms, found 0 plugins.
Preloading 0 native plugins for Editor in 0.00 ms.
Invoked RoslynAnalysisRunner static constructor.
RoslynAnalysisRunner will not be running.
RoslynAnalysisRunner has terminated.
Mono: successfully reloaded assembly
- Completed reload, in  0.676 seconds
Platform modules already initialized, skipping
Refreshing native plugins compatible for Editor in 0.47 ms, found 0 plugins.
Preloading 0 native plugins for Editor in 0.00 ms.
Unloading 1516 Unused Serialized files (Serialized files now loaded: 0)
System memory in use before: 69.9 MB.
System memory in use after: 70.0 MB.

Unloading 29 unused Assets to reduce memory usage. Loaded Objects now: 2002.
Total: 1.747100 ms (FindLiveObjects: 0.221500 ms CreateObjectMapping: 0.035200 ms MarkObjects: 1.467400 ms  DeleteObjects: 0.021700 ms)

========================================================================
Received Prepare
Registering precompiled user dll's ...
Registered in 0.003037 seconds.
Begin MonoManager ReloadAssembly
Native extension for WindowsStandalone target not found
Refreshing native plugins compatible for Editor in 0.50 ms, found 0 plugins.
Preloading 0 native plugins for Editor in 0.00 ms.
Invoked RoslynAnalysisRunner static constructor.
RoslynAnalysisRunner will not be running.
RoslynAnalysisRunner has terminated.
Mono: successfully reloaded assembly
- Completed reload, in  0.680 seconds
Platform modules already initialized, skipping
Refreshing native plugins compatible for Editor in 0.47 ms, found 0 plugins.
Preloading 0 native plugins for Editor in 0.00 ms.
Unloading 1516 Unused Serialized files (Serialized files now loaded: 0)
System memory in use before: 69.9 MB.
System memory in use after: 70.0 MB.

Unloading 29 unused Assets to reduce memory usage. Loaded Objects now: 2004.
Total: 1.970100 ms (FindLiveObjects: 0.255300 ms CreateObjectMapping: 0.046900 ms MarkObjects: 1.638700 ms  DeleteObjects: 0.028300 ms)

========================================================================
Received Prepare
Registering precompiled user dll's ...
Registered in 0.002849 seconds.
Begin MonoManager ReloadAssembly
Native extension for WindowsStandalone target not found
Refreshing native plugins compatible for Editor in 0.50 ms, found 0 plugins.
Preloading 0 native plugins for Editor in 0.00 ms.
Invoked RoslynAnalysisRunner static constructor.
RoslynAnalysisRunner will not be running.
RoslynAnalysisRunner has terminated.
Mono: successfully reloaded assembly
- Completed reload, in  0.687 seconds
Platform modules already initialized, skipping
Refreshing native plugins compatible for Editor in 0.47 ms, found 0 plugins.
Preloading 0 native plugins for Editor in 0.00 ms.
Unloading 1516 Unused Serialized files (Serialized files now loaded: 0)
System memory in use before: 69.9 MB.
System memory in use after: 70.0 MB.

Unloading 29 unused Assets to reduce memory usage. Loaded Objects now: 2006.
Total: 1.727300 ms (FindLiveObjects: 0.220300 ms CreateObjectMapping: 0.042200 ms MarkObjects: 1.444600 ms  DeleteObjects: 0.019200 ms)

========================================================================
Received Import Request.
  Time since last request: 284.434421 seconds.
  path: Assets/RobotDynamics/Joints/LinearJointHandler.cs
  artifactKey: Guid(486151456393afe4a9cb878a11fae789) Importer(815301076,1909f56bfc062723c751e8b465ee728b)
Start importing Assets/RobotDynamics/Joints/LinearJointHandler.cs using Guid(486151456393afe4a9cb878a11fae789) Importer(815301076,1909f56bfc062723c751e8b465ee728b)  -> (artifact id: 'a5d1f1da4ba1a2071891de25c45df253') in 0.005791 seconds
  Import took 0.008345 seconds .

========================================================================
Received Prepare
Registering precompiled user dll's ...
Registered in 0.002927 seconds.
Begin MonoManager ReloadAssembly
Native extension for WindowsStandalone target not found
Refreshing native plugins compatible for Editor in 0.49 ms, found 0 plugins.
Preloading 0 native plugins for Editor in 0.00 ms.
Invoked RoslynAnalysisRunner static constructor.
RoslynAnalysisRunner will not be running.
RoslynAnalysisRunner has terminated.
Mono: successfully reloaded assembly
- Completed reload, in  0.686 seconds
Platform modules already initialized, skipping
Refreshing native plugins compatible for Editor in 0.46 ms, found 0 plugins.
Preloading 0 native plugins for Editor in 0.00 ms.
Unloading 1516 Unused Serialized files (Serialized files now loaded: 0)
System memory in use before: 69.9 MB.
System memory in use after: 70.0 MB.

Unloading 29 unused Assets to reduce memory usage. Loaded Objects now: 2008.
Total: 1.690300 ms (FindLiveObjects: 0.195900 ms CreateObjectMapping: 0.035200 ms MarkObjects: 1.439200 ms  DeleteObjects: 0.018800 ms)

========================================================================
Received Import Request.
  Time since last request: 9.559552 seconds.
  path: Assets/RobotDynamics/Joints/JointHandler.cs
  artifactKey: Guid(486151456393afe4a9cb878a11fae789) Importer(815301076,1909f56bfc062723c751e8b465ee728b)
Start importing Assets/RobotDynamics/Joints/JointHandler.cs using Guid(486151456393afe4a9cb878a11fae789) Importer(815301076,1909f56bfc062723c751e8b465ee728b)  -> (artifact id: 'e8ddc0161c09b38575335c0653103716') in 0.009449 seconds
  Import took 0.012081 seconds .

========================================================================
Received Prepare
Registering precompiled user dll's ...
Registered in 0.002885 seconds.
Begin MonoManager ReloadAssembly
Native extension for WindowsStandalone target not found
Refreshing native plugins compatible for Editor in 0.49 ms, found 0 plugins.
Preloading 0 native plugins for Editor in 0.00 ms.
Invoked RoslynAnalysisRunner static constructor.
RoslynAnalysisRunner will not be running.
RoslynAnalysisRunner has terminated.
Mono: successfully reloaded assembly
- Completed reload, in  0.678 seconds
Platform modules already initialized, skipping
Refreshing native plugins compatible for Editor in 0.47 ms, found 0 plugins.
Preloading 0 native plugins for Editor in 0.00 ms.
Unloading 1516 Unused Serialized files (Serialized files now loaded: 0)
System memory in use before: 69.9 MB.
System memory in use after: 70.0 MB.

Unloading 29 unused Assets to reduce memory usage. Loaded Objects now: 2010.
Total: 1.716300 ms (FindLiveObjects: 0.227200 ms CreateObjectMapping: 0.034700 ms MarkObjects: 1.432400 ms  DeleteObjects: 0.021000 ms)

========================================================================
Received Import Request.
  Time since last request: 3.661379 seconds.
  path: Assets/RobotDynamics/Joints
  artifactKey: Guid(c7d6154ebe1f50f48b984c359e5247ec) Importer(815301076,1909f56bfc062723c751e8b465ee728b)
Start importing Assets/RobotDynamics/Joints using Guid(c7d6154ebe1f50f48b984c359e5247ec) Importer(815301076,1909f56bfc062723c751e8b465ee728b)  -> (artifact id: '5ad8c491ebbf0a1bcf17bbd6e5f3d8ed') in 0.008815 seconds
  Import took 0.011193 seconds .

========================================================================
Received Import Request.
  Time since last request: 0.003426 seconds.
  path: Assets/RobotDynamics/Joints
  artifactKey: Guid(c7d6154ebe1f50f48b984c359e5247ec) Importer(815301076,1909f56bfc062723c751e8b465ee728b)
Start importing Assets/RobotDynamics/Joints using Guid(c7d6154ebe1f50f48b984c359e5247ec) Importer(815301076,1909f56bfc062723c751e8b465ee728b)  -> (artifact id: '5ad8c491ebbf0a1bcf17bbd6e5f3d8ed') in 0.002506 seconds
  Import took 0.004139 seconds .

========================================================================
Received Import Request.
  Time since last request: 3.803279 seconds.
  path: Assets/RobotDynamics/Joints/LinearJointHandler.cs
  artifactKey: Guid(320a36d0951beb14180c562a9ecb6ef8) Importer(815301076,1909f56bfc062723c751e8b465ee728b)
Start importing Assets/RobotDynamics/Joints/LinearJointHandler.cs using Guid(320a36d0951beb14180c562a9ecb6ef8) Importer(815301076,1909f56bfc062723c751e8b465ee728b)  -> (artifact id: '120cd6407f271cbcb155618d08bb48e3') in 0.002544 seconds
  Import took 0.004939 seconds .

========================================================================
Received Import Request.
  Time since last request: 0.000663 seconds.
  path: Assets/RobotDynamics/Joints/LinearJointHandler.cs
  artifactKey: Guid(320a36d0951beb14180c562a9ecb6ef8) Importer(815301076,1909f56bfc062723c751e8b465ee728b)
Start importing Assets/RobotDynamics/Joints/LinearJointHandler.cs using Guid(320a36d0951beb14180c562a9ecb6ef8) Importer(815301076,1909f56bfc062723c751e8b465ee728b)  -> (artifact id: '120cd6407f271cbcb155618d08bb48e3') in 0.002602 seconds
  Import took 0.004370 seconds .

========================================================================
Received Prepare
Registering precompiled user dll's ...
Registered in 0.002908 seconds.
Begin MonoManager ReloadAssembly
Native extension for WindowsStandalone target not found
Refreshing native plugins compatible for Editor in 0.49 ms, found 0 plugins.
Preloading 0 native plugins for Editor in 0.00 ms.
Invoked RoslynAnalysisRunner static constructor.
RoslynAnalysisRunner will not be running.
RoslynAnalysisRunner has terminated.
Mono: successfully reloaded assembly
- Completed reload, in  0.709 seconds
Platform modules already initialized, skipping
Refreshing native plugins compatible for Editor in 0.48 ms, found 0 plugins.
Preloading 0 native plugins for Editor in 0.00 ms.
Unloading 1517 Unused Serialized files (Serialized files now loaded: 0)
System memory in use before: 70.0 MB.
System memory in use after: 70.1 MB.

Unloading 29 unused Assets to reduce memory usage. Loaded Objects now: 2013.
Total: 1.742200 ms (FindLiveObjects: 0.209000 ms CreateObjectMapping: 0.035700 ms MarkObjects: 1.476900 ms  DeleteObjects: 0.019200 ms)

========================================================================
Received Prepare
Registering precompiled user dll's ...
Registered in 0.002932 seconds.
Begin MonoManager ReloadAssembly
Native extension for WindowsStandalone target not found
Refreshing native plugins compatible for Editor in 0.49 ms, found 0 plugins.
Preloading 0 native plugins for Editor in 0.00 ms.
Invoked RoslynAnalysisRunner static constructor.
RoslynAnalysisRunner will not be running.
RoslynAnalysisRunner has terminated.
Mono: successfully reloaded assembly
- Completed reload, in  0.686 seconds
Platform modules already initialized, skipping
Refreshing native plugins compatible for Editor in 0.47 ms, found 0 plugins.
Preloading 0 native plugins for Editor in 0.00 ms.
Unloading 1517 Unused Serialized files (Serialized files now loaded: 0)
System memory in use before: 70.0 MB.
System memory in use after: 70.1 MB.

Unloading 29 unused Assets to reduce memory usage. Loaded Objects now: 2015.
Total: 1.766200 ms (FindLiveObjects: 0.215600 ms CreateObjectMapping: 0.043100 ms MarkObjects: 1.487900 ms  DeleteObjects: 0.018700 ms)

========================================================================
Received Import Request.
  Time since last request: 15.078033 seconds.
  path: Assets/RobotDynamics/Joints/LinearJointHandler.cs
  artifactKey: Guid(320a36d0951beb14180c562a9ecb6ef8) Importer(815301076,1909f56bfc062723c751e8b465ee728b)
Start importing Assets/RobotDynamics/Joints/LinearJointHandler.cs using Guid(320a36d0951beb14180c562a9ecb6ef8) Importer(815301076,1909f56bfc062723c751e8b465ee728b)  -> (artifact id: 'b6d3b2576eab87fc879720205eb77502') in 0.005400 seconds
  Import took 0.007769 seconds .

========================================================================
Received Prepare
Registering precompiled user dll's ...
Registered in 0.002874 seconds.
Begin MonoManager ReloadAssembly
Native extension for WindowsStandalone target not found
Refreshing native plugins compatible for Editor in 0.49 ms, found 0 plugins.
Preloading 0 native plugins for Editor in 0.00 ms.
Invoked RoslynAnalysisRunner static constructor.
RoslynAnalysisRunner will not be running.
RoslynAnalysisRunner has terminated.
Mono: successfully reloaded assembly
- Completed reload, in  0.679 seconds
Platform modules already initialized, skipping
Refreshing native plugins compatible for Editor in 0.47 ms, found 0 plugins.
Preloading 0 native plugins for Editor in 0.00 ms.
Unloading 1517 Unused Serialized files (Serialized files now loaded: 0)
System memory in use before: 70.0 MB.
System memory in use after: 70.1 MB.

Unloading 29 unused Assets to reduce memory usage. Loaded Objects now: 2017.
Total: 1.745300 ms (FindLiveObjects: 0.179100 ms CreateObjectMapping: 0.041900 ms MarkObjects: 1.505500 ms  DeleteObjects: 0.018000 ms)

========================================================================
Received Import Request.
  Time since last request: 800.978047 seconds.
  path: Assets/RobotDynamics/Joints/LinearJointHandler.cs
  artifactKey: Guid(320a36d0951beb14180c562a9ecb6ef8) Importer(815301076,1909f56bfc062723c751e8b465ee728b)
Start importing Assets/RobotDynamics/Joints/LinearJointHandler.cs using Guid(320a36d0951beb14180c562a9ecb6ef8) Importer(815301076,1909f56bfc062723c751e8b465ee728b)  -> (artifact id: '4a4c588dddd86c0463a42639756cdef5') in 0.006523 seconds
  Import took 0.009142 seconds .

========================================================================
Received Prepare
Registering precompiled user dll's ...
Registered in 0.002999 seconds.
Begin MonoManager ReloadAssembly
Native extension for WindowsStandalone target not found
Refreshing native plugins compatible for Editor in 0.48 ms, found 0 plugins.
Preloading 0 native plugins for Editor in 0.00 ms.
Invoked RoslynAnalysisRunner static constructor.
RoslynAnalysisRunner will not be running.
RoslynAnalysisRunner has terminated.
Mono: successfully reloaded assembly
- Completed reload, in  0.685 seconds
Platform modules already initialized, skipping
Refreshing native plugins compatible for Editor in 0.48 ms, found 0 plugins.
Preloading 0 native plugins for Editor in 0.00 ms.
Unloading 1517 Unused Serialized files (Serialized files now loaded: 0)
System memory in use before: 70.0 MB.
System memory in use after: 70.1 MB.

Unloading 29 unused Assets to reduce memory usage. Loaded Objects now: 2019.
Total: 2.190500 ms (FindLiveObjects: 0.374100 ms CreateObjectMapping: 0.053100 ms MarkObjects: 1.728400 ms  DeleteObjects: 0.033500 ms)

========================================================================
Received Import Request.
  Time since last request: 163.492955 seconds.
  path: Assets/RobotDynamics/Joints/RevoluteJointHandler.cs
  artifactKey: Guid(e54d2d6e65c145b4f8366a131ed4eca5) Importer(815301076,1909f56bfc062723c751e8b465ee728b)
Start importing Assets/RobotDynamics/Joints/RevoluteJointHandler.cs using Guid(e54d2d6e65c145b4f8366a131ed4eca5) Importer(815301076,1909f56bfc062723c751e8b465ee728b)  -> (artifact id: 'e494905098fff8fa26f42c95205e456f') in 0.008888 seconds
  Import took 0.011306 seconds .

========================================================================
Received Prepare
Registering precompiled user dll's ...
Registered in 0.002979 seconds.
Begin MonoManager ReloadAssembly
Native extension for WindowsStandalone target not found
Refreshing native plugins compatible for Editor in 0.55 ms, found 0 plugins.
Preloading 0 native plugins for Editor in 0.00 ms.
Invoked RoslynAnalysisRunner static constructor.
RoslynAnalysisRunner will not be running.
RoslynAnalysisRunner has terminated.
Mono: successfully reloaded assembly
- Completed reload, in  0.707 seconds
Platform modules already initialized, skipping
Refreshing native plugins compatible for Editor in 0.51 ms, found 0 plugins.
Preloading 0 native plugins for Editor in 0.00 ms.
Unloading 1518 Unused Serialized files (Serialized files now loaded: 0)
System memory in use before: 70.0 MB.
System memory in use after: 70.1 MB.

Unloading 29 unused Assets to reduce memory usage. Loaded Objects now: 2022.
Total: 1.910000 ms (FindLiveObjects: 0.256400 ms CreateObjectMapping: 0.036300 ms MarkObjects: 1.591100 ms  DeleteObjects: 0.025000 ms)

========================================================================
Received Import Request.
  Time since last request: 36.708343 seconds.
  path: Assets/RobotDynamics/Joints/RevoluteJointHandler.cs
  artifactKey: Guid(e54d2d6e65c145b4f8366a131ed4eca5) Importer(815301076,1909f56bfc062723c751e8b465ee728b)
Start importing Assets/RobotDynamics/Joints/RevoluteJointHandler.cs using Guid(e54d2d6e65c145b4f8366a131ed4eca5) Importer(815301076,1909f56bfc062723c751e8b465ee728b)  -> (artifact id: 'f2f6333605a177b533a6db5d37ce3f20') in 0.005283 seconds
  Import took 0.007796 seconds .

========================================================================
Received Prepare
Registering precompiled user dll's ...
Registered in 0.002859 seconds.
Begin MonoManager ReloadAssembly
Native extension for WindowsStandalone target not found
Refreshing native plugins compatible for Editor in 0.47 ms, found 0 plugins.
Preloading 0 native plugins for Editor in 0.00 ms.
Invoked RoslynAnalysisRunner static constructor.
RoslynAnalysisRunner will not be running.
RoslynAnalysisRunner has terminated.
Mono: successfully reloaded assembly
- Completed reload, in  0.682 seconds
Platform modules already initialized, skipping
Refreshing native plugins compatible for Editor in 0.46 ms, found 0 plugins.
Preloading 0 native plugins for Editor in 0.00 ms.
Unloading 1518 Unused Serialized files (Serialized files now loaded: 0)
System memory in use before: 70.0 MB.
System memory in use after: 70.1 MB.

Unloading 29 unused Assets to reduce memory usage. Loaded Objects now: 2024.
Total: 1.658200 ms (FindLiveObjects: 0.169900 ms CreateObjectMapping: 0.036500 ms MarkObjects: 1.431800 ms  DeleteObjects: 0.019100 ms)

========================================================================
Received Import Request.
  Time since last request: 199.829791 seconds.
  path: Assets/RobotDynamics/Joints/RevoluteJointHandler.cs
  artifactKey: Guid(e54d2d6e65c145b4f8366a131ed4eca5) Importer(815301076,1909f56bfc062723c751e8b465ee728b)
Start importing Assets/RobotDynamics/Joints/RevoluteJointHandler.cs using Guid(e54d2d6e65c145b4f8366a131ed4eca5) Importer(815301076,1909f56bfc062723c751e8b465ee728b)  -> (artifact id: '4c5f01986ccc9f26f07e6bdf5cbd4dfa') in 0.005286 seconds
  Import took 0.007399 seconds .

========================================================================
Received Prepare
Registering precompiled user dll's ...
Registered in 0.002977 seconds.
Begin MonoManager ReloadAssembly
Native extension for WindowsStandalone target not found
Refreshing native plugins compatible for Editor in 0.48 ms, found 0 plugins.
Preloading 0 native plugins for Editor in 0.00 ms.
Invoked RoslynAnalysisRunner static constructor.
RoslynAnalysisRunner will not be running.
RoslynAnalysisRunner has terminated.
Mono: successfully reloaded assembly
- Completed reload, in  0.681 seconds
Platform modules already initialized, skipping
Refreshing native plugins compatible for Editor in 0.46 ms, found 0 plugins.
Preloading 0 native plugins for Editor in 0.00 ms.
Unloading 1518 Unused Serialized files (Serialized files now loaded: 0)
System memory in use before: 70.0 MB.
System memory in use after: 70.1 MB.

Unloading 29 unused Assets to reduce memory usage. Loaded Objects now: 2026.
Total: 1.690300 ms (FindLiveObjects: 0.191200 ms CreateObjectMapping: 0.041100 ms MarkObjects: 1.436100 ms  DeleteObjects: 0.020900 ms)

========================================================================
Received Import Request.
  Time since last request: 574.472578 seconds.
  path: Assets/RobotDynamics/RobotDynamics.dll
  artifactKey: Guid(28acc4f32d33a314bae2ba85e80f7d52) Importer(815301076,1909f56bfc062723c751e8b465ee728b)
Start importing Assets/RobotDynamics/RobotDynamics.dll using Guid(28acc4f32d33a314bae2ba85e80f7d52) Importer(815301076,1909f56bfc062723c751e8b465ee728b)  -> (artifact id: 'ee5e0c5972802386f2fe0c5a08d8abe1') in 0.008665 seconds
  Import took 0.011147 seconds .

========================================================================
Received Import Request.
  Time since last request: 0.007679 seconds.
  path: Assets/RobotDynamics/RobotDynamics.dll
  artifactKey: Guid(28acc4f32d33a314bae2ba85e80f7d52) Importer(815301076,1909f56bfc062723c751e8b465ee728b)
Start importing Assets/RobotDynamics/RobotDynamics.dll using Guid(28acc4f32d33a314bae2ba85e80f7d52) Importer(815301076,1909f56bfc062723c751e8b465ee728b)  -> (artifact id: 'ee5e0c5972802386f2fe0c5a08d8abe1') in 0.002612 seconds
  Import took 0.004444 seconds .

========================================================================
Received Prepare
Registering precompiled user dll's ...
Registered in 0.002963 seconds.
Begin MonoManager ReloadAssembly
Native extension for WindowsStandalone target not found
Refreshing native plugins compatible for Editor in 0.47 ms, found 0 plugins.
Preloading 0 native plugins for Editor in 0.00 ms.
Invoked RoslynAnalysisRunner static constructor.
RoslynAnalysisRunner will not be running.
RoslynAnalysisRunner has terminated.
Mono: successfully reloaded assembly
- Completed reload, in  0.676 seconds
Platform modules already initialized, skipping
Refreshing native plugins compatible for Editor in 0.45 ms, found 0 plugins.
Preloading 0 native plugins for Editor in 0.00 ms.
Unloading 1518 Unused Serialized files (Serialized files now loaded: 0)
System memory in use before: 70.0 MB.
System memory in use after: 70.1 MB.

Unloading 29 unused Assets to reduce memory usage. Loaded Objects now: 2028.
Total: 2.093700 ms (FindLiveObjects: 0.297900 ms CreateObjectMapping: 0.057300 ms MarkObjects: 1.717600 ms  DeleteObjects: 0.019800 ms)

========================================================================
Received Prepare
Registering precompiled user dll's ...
Registered in 0.004303 seconds.
Begin MonoManager ReloadAssembly
Native extension for WindowsStandalone target not found
Refreshing native plugins compatible for Editor in 0.49 ms, found 0 plugins.
Preloading 0 native plugins for Editor in 0.00 ms.
Invoked RoslynAnalysisRunner static constructor.
RoslynAnalysisRunner will not be running.
RoslynAnalysisRunner has terminated.
Mono: successfully reloaded assembly
- Completed reload, in  0.682 seconds
Platform modules already initialized, skipping
Refreshing native plugins compatible for Editor in 0.47 ms, found 0 plugins.
Preloading 0 native plugins for Editor in 0.00 ms.
Unloading 1518 Unused Serialized files (Serialized files now loaded: 0)
System memory in use before: 70.0 MB.
System memory in use after: 70.1 MB.

Unloading 29 unused Assets to reduce memory usage. Loaded Objects now: 2030.
Total: 1.939500 ms (FindLiveObjects: 0.309500 ms CreateObjectMapping: 0.041900 ms MarkObjects: 1.562900 ms  DeleteObjects: 0.024300 ms)

========================================================================
Received Prepare
Registering precompiled user dll's ...
Registered in 0.003105 seconds.
Begin MonoManager ReloadAssembly
Native extension for WindowsStandalone target not found
Refreshing native plugins compatible for Editor in 0.51 ms, found 0 plugins.
Preloading 0 native plugins for Editor in 0.00 ms.
Invoked RoslynAnalysisRunner static constructor.
RoslynAnalysisRunner will not be running.
RoslynAnalysisRunner has terminated.
Mono: successfully reloaded assembly
- Completed reload, in  0.682 seconds
Platform modules already initialized, skipping
Refreshing native plugins compatible for Editor in 0.47 ms, found 0 plugins.
Preloading 0 native plugins for Editor in 0.00 ms.
Unloading 1518 Unused Serialized files (Serialized files now loaded: 0)
System memory in use before: 70.0 MB.
System memory in use after: 70.2 MB.

Unloading 29 unused Assets to reduce memory usage. Loaded Objects now: 2032.
Total: 1.761100 ms (FindLiveObjects: 0.195700 ms CreateObjectMapping: 0.041800 ms MarkObjects: 1.503600 ms  DeleteObjects: 0.018800 ms)

========================================================================
Received Import Request.
  Time since last request: 382.002987 seconds.
  path: Assets/RobotDynamics/Robot.prefab
  artifactKey: Guid(827147692b440a943bcda2809f9e42ed) Importer(815301076,1909f56bfc062723c751e8b465ee728b)
Start importing Assets/RobotDynamics/Robot.prefab using Guid(827147692b440a943bcda2809f9e42ed) Importer(815301076,1909f56bfc062723c751e8b465ee728b)  -> (artifact id: '78fce84a530ecea6f0c2b680a64a544c') in 0.123304 seconds
  Import took 0.126012 seconds .

========================================================================
Received Prepare
Registering precompiled user dll's ...
Registered in 0.003010 seconds.
Begin MonoManager ReloadAssembly
Native extension for WindowsStandalone target not found
Refreshing native plugins compatible for Editor in 0.49 ms, found 0 plugins.
Preloading 0 native plugins for Editor in 0.00 ms.
Invoked RoslynAnalysisRunner static constructor.
RoslynAnalysisRunner will not be running.
RoslynAnalysisRunner has terminated.
Mono: successfully reloaded assembly
- Completed reload, in  0.688 seconds
Platform modules already initialized, skipping
Refreshing native plugins compatible for Editor in 0.46 ms, found 0 plugins.
Preloading 0 native plugins for Editor in 0.00 ms.
Unloading 1518 Unused Serialized files (Serialized files now loaded: 0)
System memory in use before: 73.3 MB.
System memory in use after: 73.4 MB.

Unloading 30 unused Assets to reduce memory usage. Loaded Objects now: 2044.
Total: 1.719400 ms (FindLiveObjects: 0.180100 ms CreateObjectMapping: 0.042200 ms MarkObjects: 1.471800 ms  DeleteObjects: 0.024300 ms)

========================================================================
Received Prepare
Registering precompiled user dll's ...
Registered in 0.002991 seconds.
Begin MonoManager ReloadAssembly
Native extension for WindowsStandalone target not found
Refreshing native plugins compatible for Editor in 0.49 ms, found 0 plugins.
Preloading 0 native plugins for Editor in 0.00 ms.
Invoked RoslynAnalysisRunner static constructor.
RoslynAnalysisRunner will not be running.
RoslynAnalysisRunner has terminated.
Mono: successfully reloaded assembly
- Completed reload, in  0.676 seconds
Platform modules already initialized, skipping
Refreshing native plugins compatible for Editor in 0.47 ms, found 0 plugins.
Preloading 0 native plugins for Editor in 0.00 ms.
Unloading 1518 Unused Serialized files (Serialized files now loaded: 0)
System memory in use before: 73.3 MB.
System memory in use after: 73.4 MB.

Unloading 29 unused Assets to reduce memory usage. Loaded Objects now: 2046.
Total: 1.702800 ms (FindLiveObjects: 0.190400 ms CreateObjectMapping: 0.042400 ms MarkObjects: 1.450200 ms  DeleteObjects: 0.018400 ms)

========================================================================
Received Prepare
Registering precompiled user dll's ...
Registered in 0.003030 seconds.
Begin MonoManager ReloadAssembly
Native extension for WindowsStandalone target not found
Refreshing native plugins compatible for Editor in 0.49 ms, found 0 plugins.
Preloading 0 native plugins for Editor in 0.00 ms.
Invoked RoslynAnalysisRunner static constructor.
RoslynAnalysisRunner will not be running.
RoslynAnalysisRunner has terminated.
Mono: successfully reloaded assembly
- Completed reload, in  0.683 seconds
Platform modules already initialized, skipping
Refreshing native plugins compatible for Editor in 0.55 ms, found 0 plugins.
Preloading 0 native plugins for Editor in 0.00 ms.
Unloading 1518 Unused Serialized files (Serialized files now loaded: 0)
System memory in use before: 73.3 MB.
System memory in use after: 73.4 MB.

Unloading 29 unused Assets to reduce memory usage. Loaded Objects now: 2048.
Total: 1.966600 ms (FindLiveObjects: 0.224400 ms CreateObjectMapping: 0.038500 ms MarkObjects: 1.670200 ms  DeleteObjects: 0.032400 ms)

========================================================================
Received Prepare
Registering precompiled user dll's ...
Registered in 0.002998 seconds.
Begin MonoManager ReloadAssembly
Native extension for WindowsStandalone target not found
Refreshing native plugins compatible for Editor in 0.48 ms, found 0 plugins.
Preloading 0 native plugins for Editor in 0.00 ms.
Invoked RoslynAnalysisRunner static constructor.
RoslynAnalysisRunner will not be running.
RoslynAnalysisRunner has terminated.
Mono: successfully reloaded assembly
- Completed reload, in  0.681 seconds
Platform modules already initialized, skipping
Refreshing native plugins compatible for Editor in 0.47 ms, found 0 plugins.
Preloading 0 native plugins for Editor in 0.00 ms.
Unloading 1518 Unused Serialized files (Serialized files now loaded: 0)
System memory in use before: 73.3 MB.
System memory in use after: 73.4 MB.

Unloading 29 unused Assets to reduce memory usage. Loaded Objects now: 2050.
Total: 1.943300 ms (FindLiveObjects: 0.262400 ms CreateObjectMapping: 0.040200 ms MarkObjects: 1.611600 ms  DeleteObjects: 0.027800 ms)

========================================================================
Received Prepare
Registering precompiled user dll's ...
Registered in 0.004036 seconds.
Begin MonoManager ReloadAssembly
Native extension for WindowsStandalone target not found
Refreshing native plugins compatible for Editor in 0.48 ms, found 0 plugins.
Preloading 0 native plugins for Editor in 0.00 ms.
Invoked RoslynAnalysisRunner static constructor.
RoslynAnalysisRunner will not be running.
RoslynAnalysisRunner has terminated.
Mono: successfully reloaded assembly
- Completed reload, in  0.670 seconds
Platform modules already initialized, skipping
Refreshing native plugins compatible for Editor in 0.47 ms, found 0 plugins.
Preloading 0 native plugins for Editor in 0.00 ms.
Unloading 1518 Unused Serialized files (Serialized files now loaded: 0)
System memory in use before: 73.3 MB.
System memory in use after: 73.4 MB.

Unloading 29 unused Assets to reduce memory usage. Loaded Objects now: 2052.
Total: 1.727100 ms (FindLiveObjects: 0.187000 ms CreateObjectMapping: 0.042600 ms MarkObjects: 1.466000 ms  DeleteObjects: 0.030600 ms)

========================================================================
Received Prepare
Registering precompiled user dll's ...
Registered in 0.002994 seconds.
Begin MonoManager ReloadAssembly
Native extension for WindowsStandalone target not found
Refreshing native plugins compatible for Editor in 0.50 ms, found 0 plugins.
Preloading 0 native plugins for Editor in 0.00 ms.
Invoked RoslynAnalysisRunner static constructor.
RoslynAnalysisRunner will not be running.
RoslynAnalysisRunner has terminated.
Mono: successfully reloaded assembly
- Completed reload, in  0.714 seconds
Platform modules already initialized, skipping
Refreshing native plugins compatible for Editor in 0.52 ms, found 0 plugins.
Preloading 0 native plugins for Editor in 0.00 ms.
Unloading 1518 Unused Serialized files (Serialized files now loaded: 0)
System memory in use before: 73.3 MB.
System memory in use after: 73.4 MB.

Unloading 29 unused Assets to reduce memory usage. Loaded Objects now: 2054.
Total: 1.912800 ms (FindLiveObjects: 0.222100 ms CreateObjectMapping: 0.037600 ms MarkObjects: 1.629400 ms  DeleteObjects: 0.022800 ms)

========================================================================
Received Prepare
Registering precompiled user dll's ...
Registered in 0.002917 seconds.
Begin MonoManager ReloadAssembly
Native extension for WindowsStandalone target not found
Refreshing native plugins compatible for Editor in 0.49 ms, found 0 plugins.
Preloading 0 native plugins for Editor in 0.00 ms.
Invoked RoslynAnalysisRunner static constructor.
RoslynAnalysisRunner will not be running.
RoslynAnalysisRunner has terminated.
Mono: successfully reloaded assembly
- Completed reload, in  0.670 seconds
Platform modules already initialized, skipping
Refreshing native plugins compatible for Editor in 0.47 ms, found 0 plugins.
Preloading 0 native plugins for Editor in 0.00 ms.
Unloading 1518 Unused Serialized files (Serialized files now loaded: 0)
System memory in use before: 73.3 MB.
System memory in use after: 73.4 MB.

Unloading 29 unused Assets to reduce memory usage. Loaded Objects now: 2056.
Total: 2.009100 ms (FindLiveObjects: 0.230300 ms CreateObjectMapping: 0.035800 ms MarkObjects: 1.714200 ms  DeleteObjects: 0.027500 ms)

========================================================================
Received Prepare
Registering precompiled user dll's ...
Registered in 0.003057 seconds.
Begin MonoManager ReloadAssembly
Native extension for WindowsStandalone target not found
Refreshing native plugins compatible for Editor in 0.49 ms, found 0 plugins.
Preloading 0 native plugins for Editor in 0.00 ms.
Invoked RoslynAnalysisRunner static constructor.
RoslynAnalysisRunner will not be running.
RoslynAnalysisRunner has terminated.
Mono: successfully reloaded assembly
- Completed reload, in  0.670 seconds
Platform modules already initialized, skipping
Refreshing native plugins compatible for Editor in 0.47 ms, found 0 plugins.
Preloading 0 native plugins for Editor in 0.00 ms.
Unloading 1518 Unused Serialized files (Serialized files now loaded: 0)
System memory in use before: 73.3 MB.
System memory in use after: 73.4 MB.

Unloading 29 unused Assets to reduce memory usage. Loaded Objects now: 2058.
Total: 1.739400 ms (FindLiveObjects: 0.192500 ms CreateObjectMapping: 0.042300 ms MarkObjects: 1.485300 ms  DeleteObjects: 0.018100 ms)

========================================================================
Received Import Request.
  Time since last request: 925.884552 seconds.
  path: Assets/RobotDynamics/RobotBase.cs
  artifactKey: Guid(274145ae309b44f44b7529d7a436d78b) Importer(815301076,1909f56bfc062723c751e8b465ee728b)
Start importing Assets/RobotDynamics/RobotBase.cs using Guid(274145ae309b44f44b7529d7a436d78b) Importer(815301076,1909f56bfc062723c751e8b465ee728b)  -> (artifact id: 'a712967afb443292e84bc201fd20fc43') in 0.009611 seconds
  Import took 0.012181 seconds .

========================================================================
Received Prepare
Registering precompiled user dll's ...
Registered in 0.002964 seconds.
Begin MonoManager ReloadAssembly
Native extension for WindowsStandalone target not found
Refreshing native plugins compatible for Editor in 0.49 ms, found 0 plugins.
Preloading 0 native plugins for Editor in 0.00 ms.
Invoked RoslynAnalysisRunner static constructor.
RoslynAnalysisRunner will not be running.
RoslynAnalysisRunner has terminated.
Mono: successfully reloaded assembly
- Completed reload, in  0.695 seconds
Platform modules already initialized, skipping
Refreshing native plugins compatible for Editor in 0.48 ms, found 0 plugins.
Preloading 0 native plugins for Editor in 0.00 ms.
Unloading 1519 Unused Serialized files (Serialized files now loaded: 0)
System memory in use before: 73.3 MB.
System memory in use after: 73.4 MB.

Unloading 29 unused Assets to reduce memory usage. Loaded Objects now: 2061.
Total: 1.941900 ms (FindLiveObjects: 0.218900 ms CreateObjectMapping: 0.040300 ms MarkObjects: 1.655800 ms  DeleteObjects: 0.025900 ms)

========================================================================
Received Prepare
Registering precompiled user dll's ...
Registered in 0.003042 seconds.
Begin MonoManager ReloadAssembly
Native extension for WindowsStandalone target not found
Refreshing native plugins compatible for Editor in 0.50 ms, found 0 plugins.
Preloading 0 native plugins for Editor in 0.00 ms.
Invoked RoslynAnalysisRunner static constructor.
RoslynAnalysisRunner will not be running.
RoslynAnalysisRunner has terminated.
Mono: successfully reloaded assembly
- Completed reload, in  0.708 seconds
Platform modules already initialized, skipping
Refreshing native plugins compatible for Editor in 0.53 ms, found 0 plugins.
Preloading 0 native plugins for Editor in 0.00 ms.
Unloading 1519 Unused Serialized files (Serialized files now loaded: 0)
System memory in use before: 73.3 MB.
System memory in use after: 73.4 MB.

Unloading 29 unused Assets to reduce memory usage. Loaded Objects now: 2063.
Total: 1.945800 ms (FindLiveObjects: 0.255000 ms CreateObjectMapping: 0.043500 ms MarkObjects: 1.624400 ms  DeleteObjects: 0.021300 ms)

========================================================================
Received Import Request.
  Time since last request: 257.796010 seconds.
  path: Assets/RobotDynamics/RobotBase.cs
  artifactKey: Guid(274145ae309b44f44b7529d7a436d78b) Importer(815301076,1909f56bfc062723c751e8b465ee728b)
Start importing Assets/RobotDynamics/RobotBase.cs using Guid(274145ae309b44f44b7529d7a436d78b) Importer(815301076,1909f56bfc062723c751e8b465ee728b)  -> (artifact id: '3b9409fd3d2a94860c227695b2ae692a') in 0.005871 seconds
  Import took 0.008465 seconds .

========================================================================
Received Import Request.
  Time since last request: 0.000271 seconds.
  path: Assets/RobotDynamics/Robot.prefab
  artifactKey: Guid(827147692b440a943bcda2809f9e42ed) Importer(815301076,1909f56bfc062723c751e8b465ee728b)
Start importing Assets/RobotDynamics/Robot.prefab using Guid(827147692b440a943bcda2809f9e42ed) Importer(815301076,1909f56bfc062723c751e8b465ee728b)  -> (artifact id: '71349371bf38ff3e491952a52826e17b') in 0.092046 seconds
  Import took 0.094914 seconds .

========================================================================
Received Prepare
Registering precompiled user dll's ...
Registered in 0.003374 seconds.
Begin MonoManager ReloadAssembly
Native extension for WindowsStandalone target not found
Refreshing native plugins compatible for Editor in 0.49 ms, found 0 plugins.
Preloading 0 native plugins for Editor in 0.00 ms.
Invoked RoslynAnalysisRunner static constructor.
RoslynAnalysisRunner will not be running.
RoslynAnalysisRunner has terminated.
Mono: successfully reloaded assembly
- Completed reload, in  0.666 seconds
Platform modules already initialized, skipping
Refreshing native plugins compatible for Editor in 0.48 ms, found 0 plugins.
Preloading 0 native plugins for Editor in 0.00 ms.
Unloading 1519 Unused Serialized files (Serialized files now loaded: 0)
System memory in use before: 73.4 MB.
System memory in use after: 73.5 MB.

Unloading 30 unused Assets to reduce memory usage. Loaded Objects now: 2066.
Total: 1.954300 ms (FindLiveObjects: 0.230900 ms CreateObjectMapping: 0.040300 ms MarkObjects: 1.649300 ms  DeleteObjects: 0.032400 ms)

